2022-09-11 04:13:49,668 - __main__ - INFO - Registering GATT application...
2022-09-11 04:13:49,680 - __main__ - INFO - GATT application registered
2022-09-11 04:13:49,683 - __main__ - INFO - Advertisement registered
2022-09-11 04:16:23,949 - __main__ - DEBUG - power Write: dbus.Array([dbus.Byte(116), dbus.Byte(101), dbus.Byte(115), dbus.Byte(116)], signature=dbus.Signature('y'))
2022-09-11 04:16:23,949 - __main__ - INFO - invalid state written: dbus.Array([dbus.Byte(116), dbus.Byte(101), dbus.Byte(115), dbus.Byte(116)], signature=dbus.Signature('y'))
2022-09-11 04:16:38,330 - __main__ - DEBUG - power Read: [255]
2022-09-11 04:16:41,596 - __main__ - DEBUG - power Read: [255]
2022-09-11 04:16:47,592 - __main__ - DEBUG - power Read: [255]
2022-09-11 04:16:51,883 - __main__ - DEBUG - power Write: dbus.Array([dbus.Byte(116), dbus.Byte(101), dbus.Byte(115), dbus.Byte(116), dbus.Byte(49)], signature=dbus.Signature('y'))
2022-09-11 04:16:51,884 - __main__ - INFO - invalid state written: dbus.Array([dbus.Byte(116), dbus.Byte(101), dbus.Byte(115), dbus.Byte(116), dbus.Byte(49)], signature=dbus.Signature('y'))
2022-09-11 04:17:11,870 - __main__ - DEBUG - power Read: [255]
2022-09-11 04:17:27,276 - __main__ - INFO - boiler read: []
2022-09-11 04:17:32,345 - __main__ - DEBUG - power Read: [255]
2022-09-11 04:17:39,122 - __main__ - DEBUG - power Read: [255]
2022-09-11 04:17:46,288 - __main__ - INFO - boiler read: []
2022-09-11 04:17:54,185 - __main__ - DEBUG - power Read: [255]
2022-09-11 04:18:00,182 - __main__ - DEBUG - power Read: [255]
2022-09-11 04:18:16,172 - __main__ - DEBUG - power Write: dbus.Array([dbus.Byte(79), dbus.Byte(78)], signature=dbus.Signature('y'))
2022-09-11 04:18:16,173 - __main__ - INFO - invalid state written: dbus.Array([dbus.Byte(79), dbus.Byte(78)], signature=dbus.Signature('y'))
2022-09-11 04:18:21,096 - __main__ - DEBUG - power Read: [255]
2022-09-11 04:18:27,043 - __main__ - INFO - boiler read: []
2022-09-11 04:18:37,135 - __main__ - INFO - boiler state Write: dbus.Array([dbus.Byte(111), dbus.Byte(110)], signature=dbus.Signature('y'))
2022-09-11 04:18:37,136 - __main__ - INFO - writing {cmd} to machine
2022-09-11 04:19:14,819 - __main__ - INFO - boiler read: []
2022-09-11 04:19:20,084 - __main__ - INFO - boiler state Write: dbus.Array([dbus.Byte(111), dbus.Byte(102), dbus.Byte(102)], signature=dbus.Signature('y'))
2022-09-11 04:19:20,085 - __main__ - INFO - writing {cmd} to machine
2022-09-11 04:19:24,959 - __main__ - INFO - boiler state Write: dbus.Array([dbus.Byte(116), dbus.Byte(101), dbus.Byte(115), dbus.Byte(116)], signature=dbus.Signature('y'))
2022-09-11 04:19:24,960 - __main__ - INFO - writing {cmd} to machine
2022-09-11 04:19:44,362 - __main__ - INFO - boiler read: []
2022-09-11 04:19:53,430 - __main__ - INFO - boiler read: []
2022-09-11 04:19:54,746 - __main__ - INFO - boiler read: []
2022-09-11 04:20:04,496 - __main__ - INFO - boiler read: []
2022-09-11 04:20:06,933 - __main__ - DEBUG - power Read: [255]
2022-09-11 07:11:57,083 - __main__ - INFO - Registering GATT application...
2022-09-11 07:11:57,097 - __main__ - INFO - Advertisement registered
2022-09-11 07:26:12,658 - __main__ - INFO - Registering GATT application...
2022-09-11 07:26:12,669 - __main__ - INFO - Advertisement registered
2022-09-11 07:38:10,219 - __main__ - INFO - Registering GATT application...
2022-09-11 07:38:10,233 - __main__ - INFO - Advertisement registered
2022-09-11 07:39:11,543 - __main__ - INFO - Registering GATT application...
2022-09-11 07:39:11,553 - __main__ - INFO - Advertisement registered
2022-09-11 07:44:41,250 - __main__ - INFO - Registering GATT application...
2022-09-11 07:44:41,261 - __main__ - INFO - Advertisement registered
2022-09-11 07:45:40,300 - __main__ - INFO - Registering GATT application...
2022-09-11 07:45:40,309 - __main__ - INFO - GATT application registered
2022-09-11 07:45:40,311 - __main__ - INFO - Advertisement registered
2022-09-11 07:47:02,793 - __main__ - INFO - read value: bytearray(b'TEST VALUE 123')
2022-09-11 07:47:10,448 - __main__ - INFO - write value: dbus.Array([dbus.Byte(104), dbus.Byte(101), dbus.Byte(108), dbus.Byte(108), dbus.Byte(111), dbus.Byte(32), dbus.Byte(119), dbus.Byte(111), dbus.Byte(114), dbus.Byte(108), dbus.Byte(100)], signature=dbus.Signature('y'))
2022-09-11 07:47:19,271 - __main__ - INFO - read value: bytearray(b'TEST VALUE 123')
2022-09-11 07:48:42,304 - __main__ - INFO - Registering GATT application...
2022-09-11 07:48:42,312 - __main__ - INFO - GATT application registered
2022-09-11 07:48:42,315 - __main__ - INFO - Advertisement registered
2022-09-11 07:49:00,184 - __main__ - INFO - read value: bytearray(b'TEST VALUE 123')
2022-09-11 07:49:08,667 - __main__ - INFO - write value: dbus.Array([dbus.Byte(104), dbus.Byte(101), dbus.Byte(108), dbus.Byte(108), dbus.Byte(111), dbus.Byte(32), dbus.Byte(119), dbus.Byte(111), dbus.Byte(114), dbus.Byte(108), dbus.Byte(100)], signature=dbus.Signature('y'))
2022-09-11 07:51:48,436 - __main__ - INFO - Registering GATT application...
2022-09-11 07:51:48,446 - __main__ - INFO - GATT application registered
2022-09-11 07:51:48,449 - __main__ - INFO - Advertisement registered
2022-09-11 07:55:34,134 - __main__ - INFO - read value: bytearray(b'TEST VALUE 123')
2022-09-11 07:55:47,053 - __main__ - INFO - write value: dbus.Array([], signature=dbus.Signature('y'))
2022-09-11 07:56:41,263 - __main__ - INFO - read value: bytearray(b'TEST VALUE 123')
2022-09-11 07:56:51,014 - __main__ - INFO - write value: dbus.Array([dbus.Byte(104), dbus.Byte(101), dbus.Byte(108), dbus.Byte(108), dbus.Byte(111), dbus.Byte(32), dbus.Byte(119), dbus.Byte(111), dbus.Byte(114), dbus.Byte(108), dbus.Byte(100)], signature=dbus.Signature('y'))
2022-09-11 08:09:31,873 - __main__ - INFO - Registering GATT application...
2022-09-11 08:09:31,882 - __main__ - INFO - GATT application registered
2022-09-11 08:09:31,884 - __main__ - INFO - Advertisement registered
2022-09-11 08:10:10,419 - __main__ - INFO - read value: bytearray(b'TEST VALUE 123')
2022-09-11 08:10:16,173 - __main__ - INFO - write value: dbus.Array([dbus.Byte(104), dbus.Byte(101), dbus.Byte(108), dbus.Byte(108), dbus.Byte(111), dbus.Byte(32), dbus.Byte(119), dbus.Byte(111), dbus.Byte(114), dbus.Byte(108), dbus.Byte(100)], signature=dbus.Signature('y'))
2022-09-11 08:12:22,692 - __main__ - INFO - Registering GATT application...
2022-09-11 08:12:22,701 - __main__ - INFO - GATT application registered
2022-09-11 08:12:22,704 - __main__ - INFO - Advertisement registered
2022-09-11 08:14:18,021 - __main__ - INFO - read value: bytearray(b'TEST VALUE 123')
2022-09-11 08:16:02,479 - __main__ - INFO - Registering GATT application...
2022-09-11 08:16:02,488 - __main__ - INFO - GATT application registered
2022-09-11 08:16:02,490 - __main__ - INFO - Advertisement registered
2022-09-11 08:20:37,689 - __main__ - INFO - read value: bytearray(b'TEST VALUE 123')
2022-09-11 08:20:45,636 - __main__ - INFO - write value: UTF-8
2022-09-11 08:44:34,214 - __main__ - INFO - Registering GATT application...
2022-09-11 08:44:34,222 - __main__ - INFO - GATT application registered
2022-09-11 08:44:34,225 - __main__ - INFO - Advertisement registered
2022-09-11 08:56:58,817 - __main__ - INFO - read value: bytearray(b'TEST VALUE 123')
2022-09-11 08:57:08,568 - __main__ - INFO - write value: dbus.Array([dbus.Byte(104), dbus.Byte(101), dbus.Byte(108), dbus.Byte(108), dbus.Byte(111), dbus.Byte(32), dbus.Byte(119), dbus.Byte(111), dbus.Byte(114), dbus.Byte(108), dbus.Byte(100)], signature=dbus.Signature('y'))
2022-09-11 09:03:19,017 - __main__ - INFO - Registering GATT application...
2022-09-11 09:03:19,027 - __main__ - INFO - GATT application registered
2022-09-11 09:03:19,030 - __main__ - INFO - Advertisement registered
2022-09-11 09:08:56,469 - __main__ - INFO - write value: dbus.Array([dbus.Byte(104), dbus.Byte(101), dbus.Byte(108), dbus.Byte(108), dbus.Byte(111), dbus.Byte(32), dbus.Byte(119), dbus.Byte(111), dbus.Byte(114), dbus.Byte(108), dbus.Byte(100)], signature=dbus.Signature('y'))
2022-09-11 09:11:03,049 - __main__ - INFO - Registering GATT application...
2022-09-11 09:11:03,059 - __main__ - INFO - GATT application registered
2022-09-11 09:11:03,061 - __main__ - INFO - Advertisement registered
2022-09-11 09:12:37,653 - __main__ - INFO - Registering GATT application...
2022-09-11 09:12:37,663 - __main__ - INFO - GATT application registered
2022-09-11 09:12:37,665 - __main__ - INFO - Advertisement registered
2022-09-11 09:13:43,256 - __main__ - INFO - Registering GATT application...
2022-09-11 09:13:43,266 - __main__ - INFO - GATT application registered
2022-09-11 09:13:43,269 - __main__ - INFO - Advertisement registered
2022-09-11 09:14:47,810 - __main__ - INFO - read value: bytearray(b'TEST VALUE 123')
2022-09-11 09:17:58,976 - __main__ - INFO - Registering GATT application...
2022-09-11 09:17:58,986 - __main__ - INFO - GATT application registered
2022-09-11 09:17:58,988 - __main__ - INFO - Advertisement registered
2022-09-11 09:18:23,485 - __main__ - INFO - Registering GATT application...
2022-09-11 09:18:23,493 - __main__ - INFO - GATT application registered
2022-09-11 09:18:23,495 - __main__ - INFO - Advertisement registered
2022-09-11 09:21:46,430 - __main__ - INFO - read value: bytearray(b'TEST VALUE 123')
2022-09-11 09:21:58,131 - __main__ - INFO - read value: bytearray(b'TEST VALUE 123')
2022-09-11 09:22:44,005 - __main__ - INFO - read value: bytearray(b'TEST VALUE 123')
2022-09-11 09:29:58,015 - __main__ - INFO - Registering GATT application...
2022-09-11 09:29:58,025 - __main__ - INFO - GATT application registered
2022-09-11 09:29:58,027 - __main__ - INFO - Advertisement registered
2022-09-11 09:32:49,630 - __main__ - INFO - read value: bytearray(b'TEST VALUE 123')
2022-09-11 09:33:35,064 - __main__ - INFO - Registering GATT application...
2022-09-11 09:33:35,075 - __main__ - INFO - GATT application registered
2022-09-11 09:33:35,077 - __main__ - INFO - Advertisement registered
2022-09-11 09:33:42,135 - __main__ - INFO - read value: bytearray(b'TEST VALUE 123')
2022-09-11 09:34:07,727 - __main__ - INFO - Registering GATT application...
2022-09-11 09:34:07,737 - __main__ - INFO - GATT application registered
2022-09-11 09:34:07,739 - __main__ - INFO - Advertisement registered
2022-09-11 09:34:16,260 - __main__ - INFO - read value: bytearray(b'TEST VALUE 123')
2022-09-11 09:35:25,878 - __main__ - INFO - Registering GATT application...
2022-09-11 09:35:25,888 - __main__ - INFO - GATT application registered
2022-09-11 09:35:25,890 - __main__ - INFO - Advertisement registered
2022-09-11 09:35:32,214 - __main__ - INFO - read value: bytearray(b'TEST VALUE 123')
2022-09-11 09:35:35,968 - __main__ - INFO - write value: dbus.Array([dbus.Byte(104), dbus.Byte(101), dbus.Byte(108), dbus.Byte(108), dbus.Byte(111), dbus.Byte(32), dbus.Byte(119), dbus.Byte(111), dbus.Byte(114), dbus.Byte(108), dbus.Byte(100)], signature=dbus.Signature('y'))
2022-09-11 09:35:41,408 - __main__ - INFO - Registering GATT application...
2022-09-11 09:35:41,417 - __main__ - INFO - GATT application registered
2022-09-11 09:35:41,420 - __main__ - INFO - Advertisement registered
2022-09-11 09:37:44,001 - __main__ - INFO - Registering GATT application...
2022-09-11 09:37:44,010 - __main__ - INFO - GATT application registered
2022-09-11 09:37:44,012 - __main__ - INFO - Advertisement registered
2022-09-11 09:43:12,117 - __main__ - INFO - Registering GATT application...
2022-09-11 09:43:12,125 - __main__ - INFO - GATT application registered
2022-09-11 09:43:12,128 - __main__ - INFO - Advertisement registered
2022-09-11 09:44:29,822 - __main__ - INFO - read value: bytearray(b'TEST VALUE 123')
2022-09-11 09:44:31,522 - __main__ - INFO - read value: bytearray(b'TEST VALUE 123')
2022-09-11 09:44:40,174 - __main__ - INFO - raw value: dbus.Array([dbus.Byte(72), dbus.Byte(101), dbus.Byte(108), dbus.Byte(108), dbus.Byte(111), dbus.Byte(32), dbus.Byte(119), dbus.Byte(111), dbus.Byte(114), dbus.Byte(108), dbus.Byte(100)], signature=dbus.Signature('y'))
2022-09-11 09:46:47,865 - __main__ - INFO - Registering GATT application...
2022-09-11 09:46:47,873 - __main__ - INFO - GATT application registered
2022-09-11 09:46:47,876 - __main__ - INFO - Advertisement registered
2022-09-11 09:47:17,457 - __main__ - INFO - read value: bytearray(b'TEST VALUE 123')
2022-09-11 09:48:43,934 - __main__ - INFO - Registering GATT application...
2022-09-11 09:48:43,943 - __main__ - INFO - GATT application registered
2022-09-11 09:48:43,946 - __main__ - INFO - Advertisement registered
2022-09-11 09:49:14,019 - __main__ - INFO - read value: bytearray(b'TEST VALUE 123')
2022-09-11 09:50:18,830 - __main__ - INFO - Registering GATT application...
2022-09-11 09:50:18,840 - __main__ - INFO - GATT application registered
2022-09-11 09:50:18,842 - __main__ - INFO - Advertisement registered
2022-09-11 09:50:31,336 - __main__ - INFO - read value: bytearray(b'TEST VALUE 123')
2022-09-11 09:50:36,066 - __main__ - INFO - raw value: dbus.Array([dbus.Byte(116), dbus.Byte(101), dbus.Byte(115), dbus.Byte(116)], signature=dbus.Signature('y'))
2022-09-11 09:56:33,094 - __main__ - INFO - Registering GATT application...
2022-09-11 09:56:33,102 - __main__ - INFO - GATT application registered
2022-09-11 09:56:33,104 - __main__ - INFO - Advertisement registered
2022-09-11 09:58:25,904 - __main__ - INFO - Registering GATT application...
2022-09-11 09:58:25,914 - __main__ - INFO - GATT application registered
2022-09-11 09:58:25,918 - __main__ - INFO - Advertisement registered
2022-09-11 09:58:34,839 - __main__ - INFO - read value: bytearray(b'TEST VALUE 123')
2022-09-11 09:58:38,983 - __main__ - INFO - raw value: dbus.Array([dbus.Byte(116), dbus.Byte(101), dbus.Byte(115), dbus.Byte(116)], signature=dbus.Signature('y'))
2022-09-11 09:58:58,434 - __main__ - INFO - raw value: dbus.Array([dbus.Byte(104), dbus.Byte(101), dbus.Byte(108), dbus.Byte(108), dbus.Byte(111), dbus.Byte(32), dbus.Byte(119), dbus.Byte(111), dbus.Byte(114), dbus.Byte(108), dbus.Byte(100), dbus.Byte(33)], signature=dbus.Signature('y'))
2022-09-11 10:02:18,610 - __main__ - INFO - Registering GATT application...
2022-09-11 10:02:18,619 - __main__ - INFO - GATT application registered
2022-09-11 10:02:18,621 - __main__ - INFO - Advertisement registered
2022-09-11 10:03:59,141 - __main__ - INFO - Registering GATT application...
2022-09-11 10:03:59,151 - __main__ - INFO - GATT application registered
2022-09-11 10:03:59,153 - __main__ - INFO - Advertisement registered
2022-09-11 10:04:44,290 - __main__ - INFO - Registering GATT application...
2022-09-11 10:04:44,299 - __main__ - INFO - GATT application registered
2022-09-11 10:04:44,301 - __main__ - INFO - Advertisement registered
2022-09-11 10:04:54,066 - __main__ - INFO - Registering GATT application...
2022-09-11 10:04:54,075 - __main__ - INFO - GATT application registered
2022-09-11 10:04:54,081 - __main__ - INFO - Advertisement registered
2022-09-11 10:05:04,614 - __main__ - INFO - Registering GATT application...
2022-09-11 10:05:04,622 - __main__ - INFO - GATT application registered
2022-09-11 10:05:04,625 - __main__ - INFO - Advertisement registered
2022-09-11 10:05:45,496 - __main__ - INFO - read value: bytearray(b'TEST VALUE 123')
2022-09-11 10:06:01,437 - __main__ - INFO - raw value: dbus.Array([dbus.Byte(104), dbus.Byte(101), dbus.Byte(108), dbus.Byte(108), dbus.Byte(111)], signature=dbus.Signature('y'))
2022-09-11 10:08:19,236 - __main__ - INFO - Registering GATT application...
2022-09-11 10:08:19,245 - __main__ - INFO - GATT application registered
2022-09-11 10:08:19,247 - __main__ - INFO - Advertisement registered
2022-09-11 10:08:36,412 - __main__ - INFO - read value: bytearray(b'TEST VALUE 123')
2022-09-11 10:08:41,092 - __main__ - INFO - raw value: dbus.Array([], signature=dbus.Signature('y'))
2022-09-11 10:08:41,093 - __main__ - INFO - write value: 
2022-09-11 10:09:37,491 - __main__ - INFO - Registering GATT application...
2022-09-11 10:09:37,499 - __main__ - INFO - GATT application registered
2022-09-11 10:09:37,505 - __main__ - INFO - Advertisement registered
2022-09-11 10:09:48,660 - __main__ - INFO - read value: bytearray(b'TEST VALUE 123')
2022-09-11 10:09:57,045 - __main__ - INFO - raw value: dbus.Array([dbus.Byte(116), dbus.Byte(101), dbus.Byte(115), dbus.Byte(116)], signature=dbus.Signature('y'))
2022-09-11 10:09:57,046 - __main__ - INFO - write value: t
2022-09-11 10:10:42,870 - __main__ - INFO - raw value: dbus.Array([dbus.Byte(104), dbus.Byte(101), dbus.Byte(108), dbus.Byte(108), dbus.Byte(111)], signature=dbus.Signature('y'))
2022-09-11 10:10:42,871 - __main__ - INFO - write value: o
2022-09-11 10:11:35,641 - __main__ - INFO - Registering GATT application...
2022-09-11 10:11:35,649 - __main__ - INFO - GATT application registered
2022-09-11 10:11:35,652 - __main__ - INFO - Advertisement registered
2022-09-11 10:11:38,299 - __main__ - INFO - read value: bytearray(b'TEST VALUE 123')
2022-09-11 10:11:47,026 - __main__ - INFO - raw value: dbus.Array([dbus.Byte(104), dbus.Byte(101), dbus.Byte(108), dbus.Byte(108), dbus.Byte(111)], signature=dbus.Signature('y'))
2022-09-11 10:11:47,026 - __main__ - INFO - write value: hello
2022-09-11 10:12:58,184 - __main__ - INFO - Registering GATT application...
2022-09-11 10:12:58,192 - __main__ - INFO - GATT application registered
2022-09-11 10:12:58,195 - __main__ - INFO - Advertisement registered
2022-09-11 10:13:04,099 - __main__ - INFO - read value: bytearray(b'TEST VALUE 123')
2022-09-11 10:13:13,313 - __main__ - INFO - raw value: dbus.Array([dbus.Byte(104), dbus.Byte(101), dbus.Byte(108), dbus.Byte(108), dbus.Byte(111)], signature=dbus.Signature('y'))
2022-09-11 10:13:13,314 - __main__ - INFO - write value: hello
2022-09-11 10:13:46,609 - __main__ - INFO - read value: bytearray(b'TEST VALUE 123')
2022-09-11 10:13:52,947 - __main__ - INFO - raw value: dbus.Array([dbus.Byte(104), dbus.Byte(101), dbus.Byte(108), dbus.Byte(108), dbus.Byte(111)], signature=dbus.Signature('y'))
2022-09-11 10:13:52,948 - __main__ - INFO - write value: hello
2022-09-11 10:14:41,872 - __main__ - INFO - Registering GATT application...
2022-09-11 10:14:41,881 - __main__ - INFO - GATT application registered
2022-09-11 10:14:41,884 - __main__ - INFO - Advertisement registered
2022-09-11 10:14:44,524 - __main__ - INFO - read value: bytearray(b'TEST VALUE 123')
2022-09-11 10:14:53,446 - __main__ - INFO - raw value: dbus.Array([dbus.Byte(104), dbus.Byte(101), dbus.Byte(108), dbus.Byte(108), dbus.Byte(111)], signature=dbus.Signature('y'))
2022-09-11 10:14:53,447 - __main__ - INFO - write value: hello
2022-09-11 10:14:57,492 - __main__ - INFO - read value: dbus.Array([dbus.Byte(104), dbus.Byte(101), dbus.Byte(108), dbus.Byte(108), dbus.Byte(111)], signature=dbus.Signature('y'))
2022-09-11 10:14:58,272 - __main__ - INFO - read value: dbus.Array([dbus.Byte(104), dbus.Byte(101), dbus.Byte(108), dbus.Byte(108), dbus.Byte(111)], signature=dbus.Signature('y'))
2022-09-11 10:14:58,808 - __main__ - INFO - read value: dbus.Array([dbus.Byte(104), dbus.Byte(101), dbus.Byte(108), dbus.Byte(108), dbus.Byte(111)], signature=dbus.Signature('y'))
2022-09-11 10:15:07,388 - __main__ - INFO - read value: dbus.Array([dbus.Byte(104), dbus.Byte(101), dbus.Byte(108), dbus.Byte(108), dbus.Byte(111)], signature=dbus.Signature('y'))
2022-09-11 10:18:57,915 - __main__ - INFO - Registering GATT application...
2022-09-11 10:18:57,923 - __main__ - INFO - GATT application registered
2022-09-11 10:18:57,926 - __main__ - INFO - Advertisement registered
2022-09-11 10:19:21,812 - __main__ - INFO - read value: bytearray(b'TEST VALUE 123')
2022-09-11 10:19:44,970 - __main__ - INFO - raw value: dbus.Array([dbus.Byte(121), dbus.Byte(121), dbus.Byte(121), dbus.Byte(121), dbus.Byte(121), dbus.Byte(121), dbus.Byte(121), dbus.Byte(121), dbus.Byte(100), dbus.Byte(100), dbus.Byte(104), dbus.Byte(117), dbus.Byte(100), dbus.Byte(106), dbus.Byte(120), dbus.Byte(104), dbus.Byte(122), dbus.Byte(104), dbus.Byte(122), dbus.Byte(106), dbus.Byte(106), dbus.Byte(122), dbus.Byte(106), dbus.Byte(122), dbus.Byte(98), dbus.Byte(122), dbus.Byte(104), dbus.Byte(104), dbus.Byte(122), dbus.Byte(117), dbus.Byte(122), dbus.Byte(122), dbus.Byte(106), dbus.Byte(122), dbus.Byte(106), dbus.Byte(106), dbus.Byte(115), dbus.Byte(115), dbus.Byte(117), dbus.Byte(122), dbus.Byte(104), dbus.Byte(122), dbus.Byte(104), dbus.Byte(122), dbus.Byte(104), dbus.Byte(122), dbus.Byte(106), dbus.Byte(106), dbus.Byte(115), dbus.Byte(115), dbus.Byte(106), dbus.Byte(106), dbus.Byte(115), dbus.Byte(106), dbus.Byte(97), dbus.Byte(106), dbus.Byte(97), dbus.Byte(106), dbus.Byte(122), dbus.Byte(110), dbus.Byte(98), dbus.Byte(122), dbus.Byte(104), dbus.Byte(117), dbus.Byte(122), dbus.Byte(106), dbus.Byte(122), dbus.Byte(106), dbus.Byte(115), dbus.Byte(104), dbus.Byte(115), dbus.Byte(104), dbus.Byte(104), dbus.Byte(100), dbus.Byte(117), dbus.Byte(115), dbus.Byte(104), dbus.Byte(115), dbus.Byte(98), dbus.Byte(122), dbus.Byte(110), dbus.Byte(115), dbus.Byte(106), dbus.Byte(115), dbus.Byte(106), dbus.Byte(115), dbus.Byte(106), dbus.Byte(115), dbus.Byte(105), dbus.Byte(105), dbus.Byte(115), dbus.Byte(104), dbus.Byte(122), dbus.Byte(122), dbus.Byte(98), dbus.Byte(122)], signature=dbus.Signature('y'))
2022-09-11 10:19:44,972 - __main__ - INFO - write value: yyyyyyyyddhudjxhzhzjjzjzbzhhzuzzjzjjssuzhzhzhzjjssjjsjajajznbzhuzjzjshshhdushsbznsjsjsjsiishzzbz
2022-09-11 10:20:57,806 - __main__ - INFO - raw value: dbus.Array([dbus.Byte(115), dbus.Byte(104), dbus.Byte(104), dbus.Byte(115), dbus.Byte(115), dbus.Byte(106), dbus.Byte(104), dbus.Byte(100), dbus.Byte(98), dbus.Byte(115), dbus.Byte(115), dbus.Byte(107), dbus.Byte(108), dbus.Byte(100), dbus.Byte(107), dbus.Byte(107), dbus.Byte(100), dbus.Byte(107), dbus.Byte(100), dbus.Byte(106), dbus.Byte(115), dbus.Byte(106), dbus.Byte(115), dbus.Byte(110), dbus.Byte(110), dbus.Byte(115), dbus.Byte(98), dbus.Byte(100), dbus.Byte(106), dbus.Byte(115), dbus.Byte(106), dbus.Byte(106), dbus.Byte(115), dbus.Byte(110), dbus.Byte(115), dbus.Byte(98), dbus.Byte(115), dbus.Byte(104), dbus.Byte(115), dbus.Byte(104), dbus.Byte(106), dbus.Byte(115), dbus.Byte(106), dbus.Byte(115), dbus.Byte(107), dbus.Byte(107), dbus.Byte(115), dbus.Byte(115), dbus.Byte(107), dbus.Byte(115), dbus.Byte(107), dbus.Byte(115), dbus.Byte(107), dbus.Byte(115), dbus.Byte(105), dbus.Byte(115), dbus.Byte(106), dbus.Byte(115), dbus.Byte(106), dbus.Byte(115), dbus.Byte(98), dbus.Byte(115), dbus.Byte(98), dbus.Byte(100), dbus.Byte(98), dbus.Byte(115), dbus.Byte(115), dbus.Byte(115), dbus.Byte(104), dbus.Byte(115), dbus.Byte(121), dbus.Byte(115), dbus.Byte(117), dbus.Byte(115), dbus.Byte(106), dbus.Byte(106), dbus.Byte(115), dbus.Byte(115), dbus.Byte(106), dbus.Byte(106), dbus.Byte(115), dbus.Byte(106), dbus.Byte(115), dbus.Byte(106), dbus.Byte(115), dbus.Byte(104), dbus.Byte(115), dbus.Byte(104), dbus.Byte(115), dbus.Byte(115), dbus.Byte(98), dbus.Byte(115), dbus.Byte(98), dbus.Byte(122), dbus.Byte(98), dbus.Byte(115), dbus.Byte(106), dbus.Byte(115), dbus.Byte(106), dbus.Byte(115), dbus.Byte(106), dbus.Byte(97), dbus.Byte(106), dbus.Byte(97), dbus.Byte(115), dbus.Byte(106), dbus.Byte(115), dbus.Byte(106), dbus.Byte(115), dbus.Byte(104), dbus.Byte(115), dbus.Byte(104), dbus.Byte(115), dbus.Byte(104), dbus.Byte(104), dbus.Byte(115), dbus.Byte(104), dbus.Byte(115), dbus.Byte(104), dbus.Byte(115), dbus.Byte(104), dbus.Byte(104), dbus.Byte(115), dbus.Byte(104), dbus.Byte(115), dbus.Byte(104), dbus.Byte(115), dbus.Byte(104), dbus.Byte(115), dbus.Byte(104), dbus.Byte(115), dbus.Byte(104), dbus.Byte(115), dbus.Byte(104), dbus.Byte(115), dbus.Byte(104), dbus.Byte(104), dbus.Byte(115), dbus.Byte(106), dbus.Byte(115), dbus.Byte(106), dbus.Byte(115), dbus.Byte(106), dbus.Byte(115), dbus.Byte(106), dbus.Byte(115), dbus.Byte(106), dbus.Byte(115), dbus.Byte(106), dbus.Byte(104), dbus.Byte(115), dbus.Byte(104), dbus.Byte(115), dbus.Byte(115), dbus.Byte(104), dbus.Byte(104), dbus.Byte(115), dbus.Byte(104), dbus.Byte(115), dbus.Byte(104), dbus.Byte(115), dbus.Byte(104), dbus.Byte(104), dbus.Byte(115), dbus.Byte(104), dbus.Byte(115), dbus.Byte(104), dbus.Byte(115), dbus.Byte(104), dbus.Byte(115), dbus.Byte(117), dbus.Byte(115), dbus.Byte(117), dbus.Byte(117), dbus.Byte(115), dbus.Byte(117), dbus.Byte(115), dbus.Byte(117), dbus.Byte(115), dbus.Byte(117), dbus.Byte(115), dbus.Byte(117), dbus.Byte(115), dbus.Byte(117), dbus.Byte(117), dbus.Byte(115), dbus.Byte(117), dbus.Byte(115), dbus.Byte(104), dbus.Byte(115), dbus.Byte(115), dbus.Byte(106), dbus.Byte(115), dbus.Byte(106), dbus.Byte(115), dbus.Byte(106), dbus.Byte(115), dbus.Byte(106), dbus.Byte(115), dbus.Byte(106), dbus.Byte(115), dbus.Byte(106), dbus.Byte(115), dbus.Byte(107), dbus.Byte(115), dbus.Byte(107), dbus.Byte(107), dbus.Byte(115), dbus.Byte(107), dbus.Byte(115), dbus.Byte(100), dbus.Byte(107), dbus.Byte(100), dbus.Byte(110), dbus.Byte(106), dbus.Byte(100), dbus.Byte(106), dbus.Byte(100), dbus.Byte(106), dbus.Byte(100), dbus.Byte(106), dbus.Byte(100), dbus.Byte(106), dbus.Byte(115), dbus.Byte(106), dbus.Byte(106), dbus.Byte(115), dbus.Byte(106), dbus.Byte(115), dbus.Byte(106), dbus.Byte(115), dbus.Byte(115), dbus.Byte(106), dbus.Byte(115), dbus.Byte(106), dbus.Byte(115), dbus.Byte(106), dbus.Byte(115), dbus.Byte(106), dbus.Byte(115), dbus.Byte(106), dbus.Byte(115), dbus.Byte(106), dbus.Byte(106), dbus.Byte(115), dbus.Byte(106), dbus.Byte(115), dbus.Byte(106), dbus.Byte(115), dbus.Byte(106), dbus.Byte(115), dbus.Byte(106), dbus.Byte(106), dbus.Byte(115), dbus.Byte(106), dbus.Byte(115), dbus.Byte(106), dbus.Byte(115), dbus.Byte(106), dbus.Byte(115), dbus.Byte(106), dbus.Byte(115), dbus.Byte(106), dbus.Byte(115), dbus.Byte(106), dbus.Byte(115), dbus.Byte(106), dbus.Byte(115), dbus.Byte(106), dbus.Byte(115), dbus.Byte(106), dbus.Byte(115), dbus.Byte(106), dbus.Byte(115), dbus.Byte(106), dbus.Byte(115), dbus.Byte(106), dbus.Byte(115), dbus.Byte(106), dbus.Byte(115), dbus.Byte(115), dbus.Byte(106), dbus.Byte(115), dbus.Byte(106), dbus.Byte(106), dbus.Byte(101), dbus.Byte(106), dbus.Byte(115), dbus.Byte(105), dbus.Byte(115), dbus.Byte(105), dbus.Byte(115), dbus.Byte(106), dbus.Byte(115), dbus.Byte(106), dbus.Byte(115), dbus.Byte(106), dbus.Byte(106), dbus.Byte(115), dbus.Byte(106), dbus.Byte(115), dbus.Byte(106), dbus.Byte(115), dbus.Byte(117), dbus.Byte(115), dbus.Byte(106), dbus.Byte(115), dbus.Byte(106), dbus.Byte(115), dbus.Byte(106), dbus.Byte(115), dbus.Byte(106), dbus.Byte(115), dbus.Byte(106), dbus.Byte(115), dbus.Byte(106), dbus.Byte(115)], signature=dbus.Signature('y'))
2022-09-11 10:20:57,812 - __main__ - INFO - write value: shhssjhdbsskldkkdkdjsjsnnsbdjsjjsnsbshshjsjskkssksksksisjsjsbsbdbssshsysusjjssjjsjsjshshssbsbzbsjsjsjajasjsjshshshhshshshhshshshshshshshhsjsjsjsjsjsjhshsshhshshshhshshshsusuusususususuusushssjsjsjsjsjsjskskksksdkdnjdjdjdjdjsjjsjsjssjsjsjsjsjsjjsjsjsjsjjsjsjsjsjsjsjsjsjsjsjsjsjsjssjsjjejsisisjsjsjjsjsjsusjsjsjsjsjsjs
2022-09-11 10:21:25,848 - __main__ - INFO - Registering GATT application...
2022-09-11 10:21:25,858 - __main__ - INFO - GATT application registered
2022-09-11 10:21:25,862 - __main__ - INFO - Advertisement registered
2022-09-11 10:21:28,904 - __main__ - INFO - read value: bytearray(b'TEST VALUE 123')
2022-09-11 10:22:06,888 - __main__ - INFO - write value: shhssjhdjdjskwkskjsjsjsssnsnsnbsskldkkdkdjsjsnnsbdjsjjsnsbshshjsjskkssksksksisjsjsbsbdbssshsysusjjssjjsjsjshshssbsbzbsjsjsjajasjsjshshshhshshshhshshshshshshshhsjsjsjsjsjsjhshsshhshshshhshshshsusushhssjhdjdjskwkskjsjsjsssnsnsnbsskldkkdkdjsjsnnsbdjsjjsnsbshshjsjskkssksksksisjsjsbsbdbssshsysusjjssjjsjsjshshssbsbzbsjsjsjajasjsjshshshhshshshhshshshshshshshhsjsjsjsjsjsjhshsshhshshshhshshshsusuususususususuusushssjsjsjsjsjsjskskksksdkdnjdjdjdjdjsjjsjsjssjsjsjsjsjsjjsjsjsjsjjsjsjsjsjsjsjsjsjsjsjsjsjsjssjsjjejsisisjsjsjjsjsjsusjsjsjsjsnsnsnbsskldkkdkdjsjsnnsbdjsjjsnsbshshjsjskkssksksksisjsjsbsbdbssshsy
2022-09-11 10:22:51,641 - __main__ - INFO - write value: shhssjhdbssbdjsjjsnsbshshjsjskkssksksksisjsjsbsbdbssshsysusjjssjjsjsjshshssbsbzbsjsjsjajasjsjshshshhshshshhshshshshshshshhsjsjsjsjsjsjhshsshhshshshhshshshsusuusususususuusushssjsjsjsjsjsjskskksksdkdnjdjdjdjdjsjjsjsjssjsjsjsjsjsjjsjsjsjsjjsjsjsjsjsjsjsjsjsjsjsjsjsjssjsjjejsisisjsjsjjsjsjsusjsjsjsjsjsjs SN asked kk djs NS DJ's sushi skis J's and sashays jesses Josh's DBZ sjsjsb asked kk djs NS DJ's sushi skis J's and sashays jesses Josh's DBZ sjsjsb asked kk djs NS DJ's sushi skis J's and sashays jesses josh's SNOsnsnsnbsskldkkdkdjsjsnnsbdjsjjsnsbshshjsjskkssksksksisjsjsbsbdbssshsysusjjssjjsjsjs
2022-09-11 10:23:16,406 - __main__ - INFO - write value: shhssjhdbssbdjsjjsnsbshshjsjskkssksksksisjsjsbsbdbssshsysusjjssjjsjsjshshssbsbzbsjsjsjajasjsjshshshhshshshhshshshshshshshhsjsjsjsjsjsjhshsshhshshshhshshshsusuusususususuusushssjsjsjsjsjsjskskksksdkdnjdjdjdjdjsjjsjsjssjsjsjsjsjsjjsjsjsjsjjsjsjsjsjsjsjsjsjsjsjsjsjsjssjsjjejsisisjsjsjjsjsjsusjsjsjsjsjsjs SN asked kk djs NS DJ's sushi skis J's and sashays jesses Josh's DBZ sjsjsb asked kk djs NS DJ's sushi skis J's and sashays jesses Josh's DBZ sjsjsb asked kk djs NS DJ's sushi skis J's and sashays jesses josh's SNOsnsnsnbsskldkkdkdjsjsnnsbdjsjjsnsbshshjsjskkssksksksisjsjsbsbdbssshsysusjjssjjsjsjs
2022-09-11 10:24:03,059 - __main__ - INFO - write value: xshhssjhdbssbdjsjjsnsbshshjsjskkssksksksisjsjsbsbdbssshsysusjjssjjsjsjshshssbsbzbsjsjsjajasjsjshshshhshshshhshshshshshshshhsjsjsjsjsjsjhshsshhshshshhshshshsusuusususususuusushssjsjsjsjsjsjskskksksdkdnjdjdjdjdjsjjsjsjssjsjsjsjsjsjjsjsjsjsjjsjsjsjsjsjsjsjsjsjsjsjsjsjssjsjjejsisisjsjsjjsjsjsusjsjsjsjsjsjs SN asked kk djs NS DJ's sushi skis J's and sashays jesses Josh's DBZ sjsjsb asked kk djs NS DJ's sushi skis J's and sashays jesses Josh's DBZ sjsjsb asked kk djs NS DJ's sushi skis J's and sashays jesses josh's SNOsnsnsnbsskldkkdkdjsjsnnsbdjsjjsnsbshshjsjskkssksksksisjsjsbsbdbssshsysusjjssjjsjsj
2022-09-11 10:24:23,819 - __main__ - INFO - write value: hi :)
2022-09-11 10:28:58,475 - __main__ - INFO - read value: dbus.Array([dbus.Byte(104), dbus.Byte(105), dbus.Byte(32), dbus.Byte(58), dbus.Byte(41)], signature=dbus.Signature('y'))
2022-09-11 10:29:08,274 - __main__ - INFO - write value: hello world
2022-09-11 10:29:22,217 - __main__ - INFO - read value: dbus.Array([dbus.Byte(104), dbus.Byte(101), dbus.Byte(108), dbus.Byte(108), dbus.Byte(111), dbus.Byte(32), dbus.Byte(119), dbus.Byte(111), dbus.Byte(114), dbus.Byte(108), dbus.Byte(100)], signature=dbus.Signature('y'))
